Traceback (most recent call last):
  File "/opt/anaconda3/lib/python3.8/site-packages/jupyter_cache/executors/utils.py", line 58, in single_nb_execution
    executenb(
  File "/opt/anaconda3/lib/python3.8/site-packages/nbclient/client.py", line 1112, in execute
    return NotebookClient(nb=nb, resources=resources, km=km, **kwargs).execute()
  File "/opt/anaconda3/lib/python3.8/site-packages/nbclient/util.py", line 74, in wrapped
    return just_run(coro(*args, **kwargs))
  File "/opt/anaconda3/lib/python3.8/site-packages/nbclient/util.py", line 53, in just_run
    return loop.run_until_complete(coro)
  File "/opt/anaconda3/lib/python3.8/asyncio/base_events.py", line 616, in run_until_complete
    return future.result()
  File "/opt/anaconda3/lib/python3.8/site-packages/nbclient/client.py", line 553, in async_execute
    await self.async_execute_cell(
  File "/opt/anaconda3/lib/python3.8/site-packages/nbclient/client.py", line 857, in async_execute_cell
    self._check_raise_for_error(cell, exec_reply)
  File "/opt/anaconda3/lib/python3.8/site-packages/nbclient/client.py", line 760, in _check_raise_for_error
    raise CellExecutionError.from_cell_and_msg(cell, exec_reply_content)
nbclient.exceptions.CellExecutionError: An error occurred while executing the following cell:
------------------
# Fill diagonal and upper half with NaNs
mask = np.zeros_like(corr_matrix, dtype=bool)
mask[np.triu_indices_from(mask)] = True
corr_matrix[mask] = np.nan
(corr_matrix
 .style
 .set_properties(**{'text-align': 'center'})
 .background_gradient(cmap='coolwarm', axis=None, vmin=-1, vmax=1)
 .highlight_null(color='#f1f1f1')  # Color NaNs grey
 .format(precision=2, na_rep=" ")
 .set_caption('Correlation Matrix'))
------------------

[0;31m---------------------------------------------------------------------------[0m
[0;31mImportError[0m                               Traceback (most recent call last)
Cell [0;32mIn[26], line 5[0m
[1;32m      3[0m mask[np[38;5;241m.[39mtriu_indices_from(mask)] [38;5;241m=[39m [38;5;28;01mTrue[39;00m
[1;32m      4[0m corr_matrix[mask] [38;5;241m=[39m np[38;5;241m.[39mnan
[0;32m----> 5[0m ([43mcorr_matrix[49m
[1;32m      6[0m [43m [49m[38;5;241;43m.[39;49m[43mstyle[49m
[1;32m      7[0m  [38;5;241m.[39mset_properties([38;5;241m*[39m[38;5;241m*[39m{[38;5;124m'[39m[38;5;124mtext-align[39m[38;5;124m'[39m: [38;5;124m'[39m[38;5;124mcenter[39m[38;5;124m'[39m})
[1;32m      8[0m  [38;5;241m.[39mbackground_gradient(cmap[38;5;241m=[39m[38;5;124m'[39m[38;5;124mcoolwarm[39m[38;5;124m'[39m, axis[38;5;241m=[39m[38;5;28;01mNone[39;00m, vmin[38;5;241m=[39m[38;5;241m-[39m[38;5;241m1[39m, vmax[38;5;241m=[39m[38;5;241m1[39m)
[1;32m      9[0m  [38;5;241m.[39mhighlight_null(color[38;5;241m=[39m[38;5;124m'[39m[38;5;124m#f1f1f1[39m[38;5;124m'[39m)  [38;5;66;03m# Color NaNs grey[39;00m
[1;32m     10[0m  [38;5;241m.[39mformat(precision[38;5;241m=[39m[38;5;241m2[39m, na_rep[38;5;241m=[39m[38;5;124m"[39m[38;5;124m [39m[38;5;124m"[39m)
[1;32m     11[0m  [38;5;241m.[39mset_caption([38;5;124m'[39m[38;5;124mCorrelation Matrix[39m[38;5;124m'[39m))

File [0;32m/opt/anaconda3/lib/python3.8/site-packages/pandas/core/frame.py:1264[0m, in [0;36mDataFrame.style[0;34m(self)[0m
[1;32m   1252[0m [38;5;129m@property[39m
[1;32m   1253[0m [38;5;28;01mdef[39;00m [38;5;21mstyle[39m([38;5;28mself[39m) [38;5;241m-[39m[38;5;241m>[39m Styler:
[1;32m   1254[0m     [38;5;124;03m"""[39;00m
[1;32m   1255[0m [38;5;124;03m    Returns a Styler object.[39;00m
[1;32m   1256[0m 
[0;32m   (...)[0m
[1;32m   1262[0m [38;5;124;03m        data with HTML and CSS.[39;00m
[1;32m   1263[0m [38;5;124;03m    """[39;00m
[0;32m-> 1264[0m     [38;5;28;01mfrom[39;00m [38;5;21;01mpandas[39;00m[38;5;21;01m.[39;00m[38;5;21;01mio[39;00m[38;5;21;01m.[39;00m[38;5;21;01mformats[39;00m[38;5;21;01m.[39;00m[38;5;21;01mstyle[39;00m [38;5;28;01mimport[39;00m Styler
[1;32m   1266[0m     [38;5;28;01mreturn[39;00m Styler([38;5;28mself[39m)

File [0;32m/opt/anaconda3/lib/python3.8/site-packages/pandas/io/formats/style.py:56[0m
[1;32m     52[0m [38;5;28;01mfrom[39;00m [38;5;21;01mpandas[39;00m[38;5;21;01m.[39;00m[38;5;21;01mcore[39;00m[38;5;21;01m.[39;00m[38;5;21;01mshared_docs[39;00m [38;5;28;01mimport[39;00m _shared_docs
[1;32m     54[0m [38;5;28;01mfrom[39;00m [38;5;21;01mpandas[39;00m[38;5;21;01m.[39;00m[38;5;21;01mio[39;00m[38;5;21;01m.[39;00m[38;5;21;01mformats[39;00m[38;5;21;01m.[39;00m[38;5;21;01mformat[39;00m [38;5;28;01mimport[39;00m save_to_buffer
[0;32m---> 56[0m jinja2 [38;5;241m=[39m [43mimport_optional_dependency[49m[43m([49m[38;5;124;43m"[39;49m[38;5;124;43mjinja2[39;49m[38;5;124;43m"[39;49m[43m,[49m[43m [49m[43mextra[49m[38;5;241;43m=[39;49m[38;5;124;43m"[39;49m[38;5;124;43mDataFrame.style requires jinja2.[39;49m[38;5;124;43m"[39;49m[43m)[49m
[1;32m     58[0m [38;5;28;01mfrom[39;00m [38;5;21;01mpandas[39;00m[38;5;21;01m.[39;00m[38;5;21;01mio[39;00m[38;5;21;01m.[39;00m[38;5;21;01mformats[39;00m[38;5;21;01m.[39;00m[38;5;21;01mstyle_render[39;00m [38;5;28;01mimport[39;00m (
[1;32m     59[0m     CSSProperties,
[1;32m     60[0m     CSSStyles,
[0;32m   (...)[0m
[1;32m     68[0m     refactor_levels,
[1;32m     69[0m )
[1;32m     71[0m [38;5;28;01mtry[39;00m:

File [0;32m/opt/anaconda3/lib/python3.8/site-packages/pandas/compat/_optional.py:171[0m, in [0;36mimport_optional_dependency[0;34m(name, extra, errors, min_version)[0m
[1;32m    169[0m             [38;5;28;01mreturn[39;00m [38;5;28;01mNone[39;00m
[1;32m    170[0m         [38;5;28;01melif[39;00m errors [38;5;241m==[39m [38;5;124m"[39m[38;5;124mraise[39m[38;5;124m"[39m:
[0;32m--> 171[0m             [38;5;28;01mraise[39;00m [38;5;167;01mImportError[39;00m(msg)
[1;32m    173[0m [38;5;28;01mreturn[39;00m module

[0;31mImportError[0m: Pandas requires version '3.0.0' or newer of 'jinja2' (version '2.11.3' currently installed).
ImportError: Pandas requires version '3.0.0' or newer of 'jinja2' (version '2.11.3' currently installed).

